TN:
SF:src/lib/components/video/VideoPlayer.svelte
FN:18,(anonymous_0)
FN:67,(anonymous_1)
FN:74,(anonymous_2)
FN:125,(anonymous_3)
FN:139,(anonymous_4)
FN:139,(anonymous_5)
FN:135,(anonymous_6)
FN:135,(anonymous_7)
FN:141,(anonymous_8)
FNF:9
FNH:8
FNDA:18,(anonymous_0)
FNDA:0,(anonymous_1)
FNDA:5,(anonymous_2)
FNDA:18,(anonymous_3)
FNDA:36,(anonymous_4)
FNDA:36,(anonymous_5)
FNDA:36,(anonymous_6)
FNDA:36,(anonymous_7)
FNDA:18,(anonymous_8)
DA:7,18
DA:9,18
DA:10,18
DA:11,18
DA:12,18
DA:15,18
DA:16,18
DA:18,18
DA:20,18
DA:23,18
DA:24,18
DA:25,18
DA:27,18
DA:29,18
DA:30,4
DA:34,14
DA:36,14
DA:38,14
DA:40,14
DA:62,14
DA:65,14
DA:67,14
DA:68,0
DA:72,14
DA:73,14
DA:74,13
DA:75,5
DA:78,5
DA:79,4
DA:81,4
DA:83,3
DA:86,3
DA:90,3
DA:93,3
DA:94,3
DA:96,3
DA:97,3
DA:98,3
DA:101,3
DA:102,1
DA:103,1
DA:104,1
DA:107,3
DA:108,3
DA:114,14
DA:115,1
DA:118,13
DA:119,12
DA:121,2
DA:125,18
DA:126,18
DA:127,12
DA:129,18
DA:130,12
DA:135,36
DA:139,36
DA:141,18
LF:57
LH:56
BRDA:16,0,0,18
BRDA:16,0,1,0
BRDA:20,1,0,0
BRDA:20,1,1,18
BRDA:29,2,0,4
BRDA:29,2,1,14
BRDA:73,3,0,13
BRDA:73,3,1,1
BRDA:78,4,0,4
BRDA:78,4,1,1
BRDA:81,5,0,3
BRDA:81,5,1,1
BRDA:86,6,0,0
BRDA:86,6,1,3
BRDA:101,7,0,1
BRDA:101,7,1,2
BRDA:114,8,0,1
BRDA:114,8,1,13
BRDA:114,9,0,14
BRDA:114,9,1,13
BRDA:126,10,0,12
BRDA:126,10,1,6
BRDA:129,11,0,12
BRDA:129,11,1,6
BRF:24
BRH:21
end_of_record
