TN:
SF:src/lib/utils/codecUtils.ts
FN:14,normalizeDashCodec
FN:43,inferMimeType
FN:67,inferMimeTypeFromFormat
FN:92,inferMimeTypeFromCodec
FNF:4
FNH:4
FNDA:29,normalizeDashCodec
FNDA:33,inferMimeType
FNDA:18,inferMimeTypeFromFormat
FNDA:14,inferMimeTypeFromCodec
DA:15,29
DA:18,29
DA:19,8
DA:23,21
DA:24,17
DA:25,14
DA:26,12
DA:27,9
DA:28,7
DA:31,5
DA:49,33
DA:50,18
DA:51,18
DA:55,18
DA:56,14
DA:57,14
DA:61,6
DA:68,18
DA:71,18
DA:72,3
DA:74,15
DA:75,6
DA:79,9
DA:80,3
DA:82,6
DA:83,3
DA:86,3
DA:93,14
DA:96,14
DA:97,3
DA:99,11
DA:100,3
DA:102,8
DA:103,2
DA:107,6
DA:108,2
DA:110,4
DA:111,1
DA:113,3
DA:114,1
DA:117,2
LF:41
LH:41
BRDA:18,0,0,8
BRDA:18,0,1,21
BRDA:23,1,0,4
BRDA:23,1,1,17
BRDA:23,2,0,21
BRDA:23,2,1,18
BRDA:24,3,0,3
BRDA:24,3,1,14
BRDA:24,4,0,17
BRDA:24,4,1,15
BRDA:25,5,0,2
BRDA:25,5,1,12
BRDA:25,6,0,14
BRDA:25,6,1,13
BRDA:26,7,0,3
BRDA:26,7,1,9
BRDA:27,8,0,2
BRDA:27,8,1,7
BRDA:28,9,0,2
BRDA:28,9,1,5
BRDA:49,10,0,18
BRDA:49,10,1,15
BRDA:51,11,0,15
BRDA:51,11,1,3
BRDA:55,12,0,14
BRDA:55,12,1,4
BRDA:57,13,0,12
BRDA:57,13,1,2
BRDA:61,14,0,3
BRDA:61,14,1,3
BRDA:71,15,0,3
BRDA:71,15,1,15
BRDA:71,16,0,18
BRDA:71,16,1,17
BRDA:74,17,0,6
BRDA:74,17,1,9
BRDA:74,18,0,15
BRDA:74,18,1,11
BRDA:74,18,2,10
BRDA:79,19,0,3
BRDA:79,19,1,6
BRDA:79,20,0,9
BRDA:79,20,1,7
BRDA:82,21,0,3
BRDA:82,21,1,3
BRDA:82,22,0,6
BRDA:82,22,1,5
BRDA:82,22,2,4
BRDA:96,23,0,3
BRDA:96,23,1,11
BRDA:96,24,0,14
BRDA:96,24,1,12
BRDA:99,25,0,3
BRDA:99,25,1,8
BRDA:99,26,0,11
BRDA:99,26,1,9
BRDA:102,27,0,2
BRDA:102,27,1,6
BRDA:102,28,0,8
BRDA:102,28,1,7
BRDA:107,29,0,2
BRDA:107,29,1,4
BRDA:110,30,0,1
BRDA:110,30,1,3
BRDA:113,31,0,1
BRDA:113,31,1,2
BRF:66
BRH:66
end_of_record
